D:\Program Files\php-5.5
D:\Program Files\php-5.4
C:\Windows
C:\Windows\system32
C:\Windows\System32\Wbem
D:\xampp\mysql\bin
C:\Python27
C:\Python27\Scripts
C:\cygwin64\bin
C:\Program Files\MongoDB\Server\3.4\bin
C:\Program Files\ImageMagick-7.0.6-Q16
D:\help
D:\workspace\win64
C:\Program Files\Java\jdk1.8.0_111\bin
C:\ProgramData\Oracle\Java\javapath
C:\Windows\System32\WindowsPowerShell\v1.0\
C:\Program Files\MySQL\MySQL Server 5.7\bin
D:\Program Files\apache-maven-3.3.9\bin
D:\Program Files\phantomjs-1.9.2-windows
C:\Program Files (x86)\Microsoft SQL Server\80\Tools\Binn\
C:\Program Files\Microsoft SQL Server\90\DTS\Binn\
C:\Program Files\Microsoft SQL Server\90\Tools\binn\
C:\Program Files (x86)\Microsoft SQL Server\90\Tools\binn\
C:\Program Files (x86)\Microsoft SQL Server\90\DTS\Binn\
C:\Program Files (x86)\Microsoft SQL Server\90\Tools\Binn\VSShell\Common7\IDE\
C:\Program Files (x86)\Microsoft Visual Studio 8\Common7\IDE\PrivateAssemblies\
D:\apache-maven-3.3.9\bin
C:\ProgramData\ComposerSetup\bin
C:\xampp\apache\bin
D:\Program Files\redis\redisbin_x64
D:\Program Files\liteide\bin
D:\Go\bin
C:\Program Files\Git\cmd
C:\cygwin\bin
C:\Program Files (x86)\CodeBlocks\bingw\bin
C:\Program Files\nodejs\
C:\Program Files (x86)\NVIDIA Corporation\PhysX\Common
C:\Program Files (x86)\LINQPad5
C:\Program Files (x86)\Microsoft Visual Studio 9.0\VC\bin
C:\Program Files (x86)\Microsoft Visual Studio 9.0\Common7\IDE
C:\Program Files (x86)\Google\Chrome\Application\
C:\Program Files\Mozilla Firefox\
D:\xampp\apache\bin
C:\strawberry\c\bin
C:\strawberry\perl\bin
C:\ctags58
C:\Users\Administrator\AppData\Roaming\Composer\vendor\laravel\installer
C:\Users\Administrator\AppData\Roaming\Composer\vendor\bin
C:\Program Files\Docker Toolbox
C:\Program Files (x86)\Microsoft VS Code\bin
C:\Users\Administrator\AppData
a
