C:\ctags58;
C:\cygwin\bin;
C:\cygwin64\bin;
C:\Program Files (x86)\CodeBlocks\bingw\bin;
C:\Program Files (x86)\CodeBlocks\bingw\bin;
C:\Program Files (x86)\Google\Chrome\Application\;
C:\Program Files (x86)\LINQPad5;
C:\Program Files (x86)\Microsoft SQL Server\80\Tools\Binn\;
C:\Program Files (x86)\Microsoft SQL Server\90\DTS\Binn\;
C:\Program Files (x86)\Microsoft SQL Server\90\Tools\binn\;
C:\Program Files (x86)\Microsoft SQL Server\90\Tools\Binn\VSShell\Common7\IDE\;
C:\Program Files (x86)\Microsoft Visual Studio 8\Common7\IDE\PrivateAssemblies\;
C:\Program Files (x86)\Microsoft Visual Studio 9.0\Common7\IDE;
C:\Program Files (x86)\Microsoft Visual Studio 9.0\VC\bin;
C:\Program Files (x86)\NVIDIA Corporation\PhysX\Common;
C:\Program Files\Git\cmd;
C:\Program Files\ImageMagick-7.0.6-Q16;
C:\Program Files\Java\jdk1.8.0_111\bin;
C:\Program Files\Java\jdk1.8.0_111\bin;
C:\Program Files\Microsoft SQL Server\90\DTS\Binn\;
C:\Program Files\Microsoft SQL Server\90\Tools\binn\;
C:\Program Files\MongoDB\Server\3.4\bin\少时诵诗书所所所所;
C:\Program Files\Mozilla Firefox\;
C:\Program Files\MySQL\MySQL Server 5.7\bin;
C:\Program Files\MySQL\MySQL Server 5.7\bin;
C:\Program Files\nodejs\;
C:\ProgramData\ComposerSetup\bin;
C:\ProgramData\Oracle\Java\javapath;
C:\Python27;
C:\Python27\Scripts;
C:\strawberry\c\bin;
C:\strawberry\perl\bin;
C:\Users\Administrator\AppData\Roaming\Composer\vendor\laravel\installer;
C:\Windows;
C:\Windows;
C:\Windows\system32;
C:\Windows\system32;
C:\Windows\System32\Wbem;
C:\Windows\System32\WindowsPowerShell\v1.0\;
C:\xampp\apache\bin;
D:\apache-maven-3.3.9\bin;
D:\Go\bin;
D:\help;
D:\Program Files\apache-maven-3.3.9\bin;
D:\Program Files\liteide\bin;
D:\Program Files\phantomjs-1.9.2-windows;
D:\Program Files\redis\redisbin_x64;
D:\Program Files\redis\redisbin_x64;
D:\workspace\win64;
D:\xampp\apache\bin;
D:\xampp\mysql\bin;
D:\xampp\php;
